[8804:9252:0106/183825.538:INFO:CONSOLE(1)] "%c [object HTMLImageElement]", source: https://sf16-secsdk-sg.ibytedtos.com//obj/rc-web-sdk-sg/acrawler.js (1)
[8804:9252:0106/183826.326:INFO:CONSOLE(1)] "%c [object HTMLImageElement]", source: https://sf16-secsdk-sg.ibytedtos.com//obj/rc-web-sdk-sg/acrawler.js (1)
[8804:9252:0106/183826.448:INFO:CONSOLE(1)] "%c [object HTMLImageElement]", source: https://sf16-secsdk-sg.ibytedtos.com//obj/rc-web-sdk-sg/acrawler.js (1)
[8804:9252:0106/183826.608:INFO:CONSOLE(1)] "%c [object HTMLImageElement]", source: https://sf16-secsdk-sg.ibytedtos.com//obj/rc-web-sdk-sg/acrawler.js (1)
[8804:9252:0106/183830.279:ERROR:device_event_log_impl.cc(211)] [18:38:30.279] USB: usb_device_handle_win.cc:1020 Failed to read descriptor from node connection: A device attached to the system is not functioning. (0x1F)
[8804:9252:0106/184110.940:INFO:CONSOLE(0)] "ResizeObserver loop limit exceeded", source: https://www.tiktok.com/upload/?lang=vi (0)
[8804:9252:0106/184112.446:INFO:CONSOLE(1)] "%c [object HTMLImageElement]", source: https://sf16-secsdk-sg.ibytedtos.com//obj/rc-web-sdk-sg/acrawler.js (1)
[8804:9252:0106/184113.271:INFO:CONSOLE(1)] "%c [object HTMLImageElement]", source: https://sf16-secsdk-sg.ibytedtos.com//obj/rc-web-sdk-sg/acrawler.js (1)
[8804:9252:0106/184113.291:INFO:CONSOLE(1)] "%c [object HTMLImageElement]", source: https://sf16-secsdk-sg.ibytedtos.com//obj/rc-web-sdk-sg/acrawler.js (1)
[8804:9252:0106/184113.353:INFO:CONSOLE(1)] "%c [object HTMLImageElement]", source: https://sf16-secsdk-sg.ibytedtos.com//obj/rc-web-sdk-sg/acrawler.js (1)
[8804:9252:0106/184113.404:INFO:CONSOLE(1)] "%c [object HTMLImageElement]", source: https://sf16-secsdk-sg.ibytedtos.com//obj/rc-web-sdk-sg/acrawler.js (1)
[8804:9252:0106/184113.870:INFO:CONSOLE(1)] "", source: https://s20.tiktokcdn.com/tiktok/common/init.js?seed=AMDyddd2AQAAmrkyZyELjej7d-G78HvdjT3zmMOWfDhUo566s7kGxWEBx8jk&hTc6j8Njvn--z=q (1)
[8804:9252:0106/184114.482:INFO:CONSOLE(1)] "%c [object HTMLImageElement]", source: https://sf16-secsdk-sg.ibytedtos.com//obj/rc-web-sdk-sg/acrawler.js (1)
[8804:9252:0106/184121.099:INFO:CONSOLE(1)] "%c [object HTMLImageElement]", source: https://sf16-secsdk-sg.ibytedtos.com//obj/rc-web-sdk-sg/acrawler.js (1)
[8804:9252:0106/184134.410:INFO:CONSOLE(1)] "%c [object HTMLImageElement]", source: https://sf16-secsdk-sg.ibytedtos.com//obj/rc-web-sdk-sg/acrawler.js (1)
[8804:9252:0106/184134.529:INFO:CONSOLE(1)] "%c [object HTMLImageElement]", source: https://sf16-secsdk-sg.ibytedtos.com//obj/rc-web-sdk-sg/acrawler.js (1)
[8804:9252:0106/184228.858:INFO:CONSOLE(1)] "%c [object HTMLImageElement]", source: https://sf16-secsdk-sg.ibytedtos.com//obj/rc-web-sdk-sg/acrawler.js (1)
[8804:9252:0106/184228.878:INFO:CONSOLE(1)] "%c [object HTMLImageElement]", source: https://sf16-secsdk-sg.ibytedtos.com//obj/rc-web-sdk-sg/acrawler.js (1)
[8804:9252:0106/184229.042:INFO:CONSOLE(1)] "%c [object HTMLImageElement]", source: https://sf16-secsdk-sg.ibytedtos.com//obj/rc-web-sdk-sg/acrawler.js (1)
[8804:9252:0106/184230.603:INFO:CONSOLE(1)] "%c [object HTMLImageElement]", source: https://sf16-secsdk-sg.ibytedtos.com//obj/rc-web-sdk-sg/acrawler.js (1)
[8804:9252:0106/184231.022:INFO:CONSOLE(1)] "%c [object HTMLImageElement]", source: https://sf16-secsdk-sg.ibytedtos.com//obj/rc-web-sdk-sg/acrawler.js (1)
[8804:9252:0106/184231.041:INFO:CONSOLE(1)] "%c [object HTMLImageElement]", source: https://sf16-secsdk-sg.ibytedtos.com//obj/rc-web-sdk-sg/acrawler.js (1)
[8804:9252:0106/184231.132:INFO:CONSOLE(1)] "%c [object HTMLImageElement]", source: https://sf16-secsdk-sg.ibytedtos.com//obj/rc-web-sdk-sg/acrawler.js (1)
[8804:9252:0106/184231.530:INFO:CONSOLE(0)] "Access to fetch at 'https://s16.tiktokcdn.com/musical/resource/mtact/static/fonts/Proxima-Nova-Bold.woff2' from origin 'https://www.tiktok.com' has been blocked by CORS policy: No 'Access-Control-Allow-Origin' header is present on the requested resource. If an opaque response serves your needs, set the request's mode to 'no-cors' to fetch the resource with CORS disabled.", source:  (0)
[8804:9252:0106/184231.531:INFO:CONSOLE(0)] "The FetchEvent for "https://s16.tiktokcdn.com/musical/resource/mtact/static/fonts/Proxima-Nova-Bold.woff2" resulted in a network error response: the promise was rejected.", source:  (0)
[8804:9252:0106/184231.533:INFO:CONSOLE(1)] "Uncaught (in promise) no-response: no-response :: [{"url":"https://s16.tiktokcdn.com/musical/resource/mtact/static/fonts/Proxima-Nova-Bold.woff2","error":{}}]", source: https://storage.googleapis.com/workbox-cdn/releases/4.3.1/workbox-strategies.prod.js (1)
[8804:9252:0106/184231.570:INFO:CONSOLE(0)] "Access to fetch at 'https://s16.tiktokcdn.com/musical/resource/mtact/static/fonts/Proxima-Nova-Bold.woff' from origin 'https://www.tiktok.com' has been blocked by CORS policy: No 'Access-Control-Allow-Origin' header is present on the requested resource. If an opaque response serves your needs, set the request's mode to 'no-cors' to fetch the resource with CORS disabled.", source:  (0)
[8804:9252:0106/184231.570:INFO:CONSOLE(0)] "The FetchEvent for "https://s16.tiktokcdn.com/musical/resource/mtact/static/fonts/Proxima-Nova-Bold.woff" resulted in a network error response: the promise was rejected.", source:  (0)
[8804:9252:0106/184231.570:INFO:CONSOLE(1)] "Uncaught (in promise) no-response: no-response :: [{"url":"https://s16.tiktokcdn.com/musical/resource/mtact/static/fonts/Proxima-Nova-Bold.woff","error":{}}]", source: https://storage.googleapis.com/workbox-cdn/releases/4.3.1/workbox-strategies.prod.js (1)
[8804:9252:0106/184239.767:INFO:CONSOLE(1)] "%c [object HTMLImageElement]", source: https://sf16-secsdk-sg.ibytedtos.com//obj/rc-web-sdk-sg/acrawler.js (1)
[8804:9252:0106/184256.004:ERROR:network_service_instance_impl.cc(286)] Network service crashed, restarting service.
